<?xml version="1.0" encoding="UTF-8"?>
<testsuite name="com.parkinglot.ParkingLotTest" tests="1" skipped="0" failures="0" errors="0" timestamp="2020-06-17T15:18:49" hostname="MADHU" time="0.021">
  <properties/>
  <testcase name="givenVehicleNumbersToPark_whenWantVehiclesParkedInLast30Minutes_shouldReturnListOfVehicles" classname="com.parkinglot.ParkingLotTest" time="0.021"/>
  <system-out><![CDATA[]]></system-out>
  <system-err><![CDATA[]]></system-err>
</testsuite>
