<?xml version="1.0" encoding="UTF-8"?>
<testsuite name="com.parkinglot.ParkingLotTest" tests="1" skipped="0" failures="0" errors="0" timestamp="2020-06-17T16:03:57" hostname="MADHU" time="0.015">
  <properties/>
  <testcase name="givenParingSlot_whenWantVehiclesParkedInASlot_shouldReturnListOfVehicles" classname="com.parkinglot.ParkingLotTest" time="0.015"/>
  <system-out><![CDATA[]]></system-out>
  <system-err><![CDATA[]]></system-err>
</testsuite>
