<?xml version="1.0" encoding="UTF-8"?>
<testsuite name="com.parkinglot.ParkingLotServiceTest" tests="1" skipped="0" failures="0" errors="0" timestamp="2020-06-15T05:22:54" hostname="MADHU" time="0.005">
  <properties/>
  <testcase name="givenVehicleNumberToPark_whenParked_shouldReturnOccupiedSpotsInALot" classname="com.parkinglot.ParkingLotServiceTest" time="0.005"/>
  <system-out><![CDATA[]]></system-out>
  <system-err><![CDATA[]]></system-err>
</testsuite>
