<?xml version="1.0" encoding="UTF-8"?>
<testsuite name="com.parkinglot.ParkingLotServiceTest" tests="1" skipped="0" failures="0" errors="0" timestamp="2020-06-17T05:37:27" hostname="MADHU" time="0.023">
  <properties/>
  <testcase name="givenVehicleNumbersToPark_whenWantToyotaVehicles_shouldReturnListBMWVehicles" classname="com.parkinglot.ParkingLotServiceTest" time="0.023"/>
  <system-out><![CDATA[]]></system-out>
  <system-err><![CDATA[]]></system-err>
</testsuite>
