<?xml version="1.0" encoding="UTF-8"?>
<testsuite name="com.parkinglot.ParkingServiceTest" tests="2" skipped="0" failures="0" errors="0" timestamp="2020-06-09T18:50:21" hostname="MADHU" time="0.003">
  <properties/>
  <testcase name="driverWantToPark_whenLotIsNotFull_shouldReturnTrue" classname="com.parkinglot.ParkingServiceTest" time="0.002"/>
  <testcase name="driverWantToPark_whenLotFull_shouldReturnFalse" classname="com.parkinglot.ParkingServiceTest" time="0.0"/>
  <system-out><![CDATA[]]></system-out>
  <system-err><![CDATA[]]></system-err>
</testsuite>
