<?xml version="1.0" encoding="UTF-8"?>
<testsuite name="com.parkinglot.ParkingServiceTest" tests="11" skipped="0" failures="0" errors="0" timestamp="2020-06-13T01:58:46" hostname="MADHU" time="0.018">
  <properties/>
  <testcase name="givenVehicleNumberAsNullToUnPark_whenEnteredNull_shouldThroughException" classname="com.parkinglot.ParkingServiceTest" time="0.002"/>
  <testcase name="givenVehicleNumbersToPark_whenParkingLotIsFull_shouldThrowException" classname="com.parkinglot.ParkingServiceTest" time="0.002"/>
  <testcase name="givenVehicleNumberToUnPark_whenUnParked_shouldReturnTrue" classname="com.parkinglot.ParkingServiceTest" time="0.004"/>
  <testcase name="givenSameVehicleNumberToPark_whenSameNumberEntered_shouldThrowException" classname="com.parkinglot.ParkingServiceTest" time="0.001"/>
  <testcase name="givenVehicleNumbersToPark_whenParkingLotIsFull_shouldNotThrowException" classname="com.parkinglot.ParkingServiceTest" time="0.0"/>
  <testcase name="givenVehicleNumberAsNull_whenEnteredNull_shouldThroughException" classname="com.parkinglot.ParkingServiceTest" time="0.001"/>
  <testcase name="givenVehicleNumbersToPark_whenParked_shouldReturnNumberOfVehiclesParked" classname="com.parkinglot.ParkingServiceTest" time="0.001"/>
  <testcase name="givenVehicleNumber_whenFound_shouldReturnParkedSpot" classname="com.parkinglot.ParkingServiceTest" time="0.001"/>
  <testcase name="givenVehicleNumberToPark_whenParked_shouldReturnTrue" classname="com.parkinglot.ParkingServiceTest" time="0.001"/>
  <testcase name="givenVehicleNumbersToUnPark_whenUnPark_shouldReturnParkedTime" classname="com.parkinglot.ParkingServiceTest" time="0.0"/>
  <testcase name="givenWrongVehicleNumberToUnPark_whenNot_shouldReturnTrue" classname="com.parkinglot.ParkingServiceTest" time="0.0"/>
  <system-out><![CDATA[Available spaces:4
]]></system-out>
  <system-err><![CDATA[]]></system-err>
</testsuite>
