<?xml version="1.0" encoding="UTF-8"?>
<testsuite name="com.parkinglot.ParkingLotTest" tests="18" skipped="0" failures="0" errors="0" timestamp="2020-06-18T01:53:13" hostname="MADHU" time="0.064">
  <properties/>
  <testcase name="givenVehicleNumber_whenParked_shouldReturnAvailableSpots" classname="com.parkinglot.ParkingLotTest" time="0.015"/>
  <testcase name="givenVehicleNumbersToPark_whenWantToyotaVehicles_shouldReturnListBMWVehicles" classname="com.parkinglot.ParkingLotTest" time="0.002"/>
  <testcase name="givenParingSlot_whenWantVehiclesParkedInASlot_shouldReturnListOfVehicles" classname="com.parkinglot.ParkingLotTest" time="0.005"/>
  <testcase name="givenVehicleNumberToFind_whenFoundInParkingLot_shouldReturnParkingSpot" classname="com.parkinglot.ParkingLotTest" time="0.0"/>
  <testcase name="givenVehicleNumbersToPark_whenParked_shouldReturnAllVehiclesInParkingLot" classname="com.parkinglot.ParkingLotTest" time="0.001"/>
  <testcase name="givenVehicleNumbersToPark_whenWantWhiteColorVehicles_shouldReturnListOfVehicles" classname="com.parkinglot.ParkingLotTest" time="0.018"/>
  <testcase name="givenVehicleNumberToFind_whenFound_shouldReturnParkingSlot" classname="com.parkinglot.ParkingLotTest" time="0.001"/>
  <testcase name="givenVehicleNumberToFind_whenFound_shouldReturnParkingSpot" classname="com.parkinglot.ParkingLotTest" time="0.0"/>
  <testcase name="givenVehicleNumbersToPark_whenWantVehiclesNumbersParkedInLot_shouldReturnListOfVehicleNumbers" classname="com.parkinglot.ParkingLotTest" time="0.001"/>
  <testcase name="givenVehicleNumberToPark_whenAllParkingLotsAreFull_shouldThrowException" classname="com.parkinglot.ParkingLotTest" time="0.002"/>
  <testcase name="givenVehicleNumberToFindInSlot_whenFound_shouldReturnParkingSlot" classname="com.parkinglot.ParkingLotTest" time="0.0"/>
  <testcase name="givenNumberOfParkingLots_whenCreated_shouldReturnNumberOfLots" classname="com.parkinglot.ParkingLotTest" time="0.0"/>
  <testcase name="givenVehicleNumbersToPark_whenWantToyotaVehicles_shouldReturnListOfVehicles" classname="com.parkinglot.ParkingLotTest" time="0.002"/>
  <testcase name="givenVehicleNumbersToPark_whenVehicleIsLarge_shouldAllocateRequiredSpace" classname="com.parkinglot.ParkingLotTest" time="0.0"/>
  <testcase name="givenVehicleNumberToUnPark_whenUnParked_shouldReturnOccupiedSpots" classname="com.parkinglot.ParkingLotTest" time="0.001"/>
  <testcase name="givenVehicleNumbersToPark_whenDriverDisAbled_shouldAllocateNearestSlot" classname="com.parkinglot.ParkingLotTest" time="0.001"/>
  <testcase name="givenVehicleNumbersToPark_whenWantVehiclesParkedInLast30Minutes_shouldReturnListOfVehicles" classname="com.parkinglot.ParkingLotTest" time="0.004"/>
  <testcase name="givenVehicleNumberToPark_whenParked_shouldReturnOccupiedSpotsInALot" classname="com.parkinglot.ParkingLotTest" time="0.0"/>
  <system-out><![CDATA[]]></system-out>
  <system-err><![CDATA[]]></system-err>
</testsuite>
