<?xml version="1.0" encoding="UTF-8"?>
<testsuite name="com.parkinglot.ParkingLotServiceTest" tests="1" skipped="0" failures="0" errors="0" timestamp="2020-06-17T04:55:17" hostname="MADHU" time="0.018">
  <properties/>
  <testcase name="givenVehicleNumbersToPark_whenWantWhiteColorVehicles_shouldReturnListOfVehicles" classname="com.parkinglot.ParkingLotServiceTest" time="0.018"/>
  <system-out><![CDATA[]]></system-out>
  <system-err><![CDATA[]]></system-err>
</testsuite>
